  listenclient.c
C:\Users\s5381149\Documents\GitHub\networking_example\listenserver\PCG.h(14,9): warning C4005: 'MAP_COLUMNS': macro redefinition
  (compiling source file '../listen/listenclient.c')
      C:\Users\s5381149\Documents\GitHub\networking_example\listenserver\PCG_TYPES.h(3,9):
      see previous definition of 'MAP_COLUMNS'
  
C:\Users\s5381149\Documents\GitHub\networking_example\listenserver\PCG.h(15,9): warning C4005: 'MAP_ROWS': macro redefinition
  (compiling source file '../listen/listenclient.c')
      C:\Users\s5381149\Documents\GitHub\networking_example\listenserver\PCG_TYPES.h(2,9):
      see previous definition of 'MAP_ROWS'
  
C:\Users\s5381149\Documents\GitHub\networking_example\listenserver\PCG.h(19,2): error C2365: 'TILE_TYPE_GRASS': redefinition; previous definition was 'enumerator'
  (compiling source file '../listen/listenclient.c')
      C:\Users\s5381149\Documents\GitHub\networking_example\listenserver\PCG_TYPES.h(4,16):
      see declaration of 'TILE_TYPE_GRASS'
  
C:\Users\s5381149\Documents\GitHub\networking_example\listenserver\PCG.h(19,2): error C2086: 'TILE_TYPE_GRASS': redefinition
  (compiling source file '../listen/listenclient.c')
      C:\Users\s5381149\Documents\GitHub\networking_example\listenserver\PCG.h(19,2):
      see declaration of 'TILE_TYPE_GRASS'
  
C:\Users\s5381149\Documents\GitHub\networking_example\listenserver\PCG.h(20,2): error C2365: 'TILE_TYPE_ROCK': redefinition; previous definition was 'enumerator'
  (compiling source file '../listen/listenclient.c')
      C:\Users\s5381149\Documents\GitHub\networking_example\listenserver\PCG_TYPES.h(4,33):
      see declaration of 'TILE_TYPE_ROCK'
  
C:\Users\s5381149\Documents\GitHub\networking_example\listenserver\PCG.h(20,2): error C2086: '<unnamed-enum-TILE_TYPE_GRASS> TILE_TYPE_ROCK': redefinition
  (compiling source file '../listen/listenclient.c')
      C:\Users\s5381149\Documents\GitHub\networking_example\listenserver\PCG.h(20,2):
      see declaration of 'TILE_TYPE_ROCK'
  
C:\Users\s5381149\Documents\GitHub\networking_example\listen\listenclient.c(90,36): warning C4048: different array subscripts: 'TileType (*)[32]' and 'TileType [12][20]'
C:\Users\s5381149\Documents\GitHub\networking_example\listen\listenclient.c(103,17): warning C4048: different array subscripts: 'TileType (*)[32]' and 'TileType [12][20]'
  listenserver.c
C:\Users\s5381149\Documents\GitHub\networking_example\networking\include\enet.h(1880,104): warning C5287: operands are different enum types '_ENetProtocolCommand' and '_ENetProtocolFlag'; use an explicit cast to silence this warning
  (compiling source file '../listen/listenserver.c')
  
C:\Users\s5381149\Documents\GitHub\networking_example\networking\include\enet.h(3393,77): warning C5287: operands are different enum types '_ENetProtocolCommand' and '_ENetProtocolFlag'; use an explicit cast to silence this warning
  (compiling source file '../listen/listenserver.c')
  
C:\Users\s5381149\Documents\GitHub\networking_example\networking\include\enet.h(3559,75): warning C5287: operands are different enum types '_ENetProtocolCommand' and '_ENetProtocolFlag'; use an explicit cast to silence this warning
  (compiling source file '../listen/listenserver.c')
  
C:\Users\s5381149\Documents\GitHub\networking_example\networking\include\enet.h(3612,77): warning C5287: operands are different enum types '_ENetProtocolCommand' and '_ENetProtocolFlag'; use an explicit cast to silence this warning
  (compiling source file '../listen/listenserver.c')
  
C:\Users\s5381149\Documents\GitHub\networking_example\networking\include\enet.h(3616,74): warning C5287: operands are different enum types '_ENetProtocolCommand' and '_ENetProtocolFlag'; use an explicit cast to silence this warning
  (compiling source file '../listen/listenserver.c')
  
C:\Users\s5381149\Documents\GitHub\networking_example\networking\include\enet.h(3838,63): warning C5287: operands are different enum types '_ENetProtocolCommand' and '_ENetProtocolFlag'; use an explicit cast to silence this warning
  (compiling source file '../listen/listenserver.c')
  
C:\Users\s5381149\Documents\GitHub\networking_example\networking\include\enet.h(3897,73): warning C5287: operands are different enum types '_ENetProtocolCommand' and '_ENetProtocolFlag'; use an explicit cast to silence this warning
  (compiling source file '../listen/listenserver.c')
  
C:\Users\s5381149\Documents\GitHub\networking_example\networking\include\enet.h(4586,84): warning C5287: operands are different enum types '_ENetProtocolCommand' and '_ENetProtocolFlag'; use an explicit cast to silence this warning
  (compiling source file '../listen/listenserver.c')
  
C:\Users\s5381149\Documents\GitHub\networking_example\networking\include\enet.h(4864,82): warning C5287: operands are different enum types '_ENetProtocolCommand' and '_ENetProtocolFlag'; use an explicit cast to silence this warning
  (compiling source file '../listen/listenserver.c')
  
  net_listenclient.c
C:\Users\s5381149\Documents\GitHub\networking_example\raylib-master\src\raylib.h(261,3): error C2365: 'Rectangle': redefinition; previous definition was 'function'
  (compiling source file '../listen/net_listenclient.c')
      C:\Program Files (x86)\Windows Kits\10\Include\10.0.26100.0\um\wingdi.h(4639,24):
      see declaration of 'Rectangle'
  
C:\Users\s5381149\Documents\GitHub\networking_example\raylib-master\src\raylib.h(299,5): error C2061: syntax error: identifier 'Rectangle'
  (compiling source file '../listen/net_listenclient.c')
  
C:\Users\s5381149\Documents\GitHub\networking_example\raylib-master\src\raylib.h(305,1): error C2059: syntax error: '}'
  (compiling source file '../listen/net_listenclient.c')
  
C:\Users\s5381149\Documents\GitHub\networking_example\raylib-master\src\raylib.h(322,5): error C2061: syntax error: identifier 'Rectangle'
  (compiling source file '../listen/net_listenclient.c')
  
C:\Users\s5381149\Documents\GitHub\networking_example\raylib-master\src\raylib.h(324,1): error C2059: syntax error: '}'
  (compiling source file '../listen/net_listenclient.c')
  
C:\Users\s5381149\Documents\GitHub\networking_example\raylib-master\src\raylib.h(989,12): warning C4028: formal parameter 1 different from declaration
  (compiling source file '../listen/net_listenclient.c')
  
C:\Users\s5381149\Documents\GitHub\networking_example\raylib-master\src\raylib.h(989,12): error C2371: 'CloseWindow': redefinition; different basic types
  (compiling source file '../listen/net_listenclient.c')
      C:\Program Files (x86)\Windows Kits\10\Include\10.0.26100.0\um\winuser.h(4727,1):
      see declaration of 'CloseWindow'
  
C:\Users\s5381149\Documents\GitHub\networking_example\raylib-master\src\raylib.h(1039,12): warning C4028: formal parameter 1 different from declaration
  (compiling source file '../listen/net_listenclient.c')
  
C:\Users\s5381149\Documents\GitHub\networking_example\raylib-master\src\raylib.h(1039,12): error C2371: 'ShowCursor': redefinition; different basic types
  (compiling source file '../listen/net_listenclient.c')
      C:\Program Files (x86)\Windows Kits\10\Include\10.0.26100.0\um\winuser.h(9386,1):
      see declaration of 'ShowCursor'
  
C:\Users\s5381149\Documents\GitHub\networking_example\raylib-master\src\raylib.h(1270,58): error C2146: syntax error: missing ')' before identifier 'source'
  (compiling source file '../listen/net_listenclient.c')
  
C:\Users\s5381149\Documents\GitHub\networking_example\raylib-master\src\raylib.h(1270,48): error C2081: 'Rectangle': name in formal parameter list illegal
  (compiling source file '../listen/net_listenclient.c')
  
C:\Users\s5381149\Documents\GitHub\networking_example\raylib-master\src\raylib.h(1270,58): error C2061: syntax error: identifier 'source'
  (compiling source file '../listen/net_listenclient.c')
  
C:\Users\s5381149\Documents\GitHub\networking_example\raylib-master\src\raylib.h(1270,58): error C2059: syntax error: ';'
  (compiling source file '../listen/net_listenclient.c')
  
C:\Users\s5381149\Documents\GitHub\networking_example\raylib-master\src\raylib.h(1270,64): error C2059: syntax error: ')'
  (compiling source file '../listen/net_listenclient.c')
  
C:\Users\s5381149\Documents\GitHub\networking_example\raylib-master\src\raylib.h(1272,17): error C2061: syntax error: identifier 'GetShapesTextureRectangle'
  (compiling source file '../listen/net_listenclient.c')
  
C:\Users\s5381149\Documents\GitHub\networking_example\raylib-master\src\raylib.h(1272,17): error C2059: syntax error: ';'
  (compiling source file '../listen/net_listenclient.c')
  
C:\Users\s5381149\Documents\GitHub\networking_example\raylib-master\src\raylib.h(1272,43): error C2059: syntax error: '<parameter-list>'
  (compiling source file '../listen/net_listenclient.c')
  
C:\Users\s5381149\Documents\GitHub\networking_example\raylib-master\src\raylib.h(1298,39): error C2146: syntax error: missing ')' before identifier 'rec'
  (compiling source file '../listen/net_listenclient.c')
  
C:\Users\s5381149\Documents\GitHub\networking_example\raylib-master\src\raylib.h(1298,39): error C2061: syntax error: identifier 'rec'
  (compiling source file '../listen/net_listenclient.c')
  
C:\Users\s5381149\Documents\GitHub\networking_example\raylib-master\src\raylib.h(1298,39): error C2059: syntax error: ';'
  (compiling source file '../listen/net_listenclient.c')
  
C:\Users\s5381149\Documents\GitHub\networking_example\raylib-master\src\raylib.h(1298,42): error C2059: syntax error: ','
  (compiling source file '../listen/net_listenclient.c')
  
C:\Users\s5381149\Documents\GitHub\networking_example\raylib-master\src\raylib.h(1298,55): error C2059: syntax error: ')'
  (compiling source file '../listen/net_listenclient.c')
  
C:\Users\s5381149\Documents\GitHub\networking_example\raylib-master\src\raylib.h(1299,39): error C2146: syntax error: missing ')' before identifier 'rec'
  (compiling source file '../listen/net_listenclient.c')
  
C:\Users\s5381149\Documents\GitHub\networking_example\raylib-master\src\raylib.h(1299,39): error C2061: syntax error: identifier 'rec'
  (compiling source file '../listen/net_listenclient.c')
  
C:\Users\s5381149\Documents\GitHub\networking_example\raylib-master\src\raylib.h(1299,39): error C2059: syntax error: ';'
  (compiling source file '../listen/net_listenclient.c')
  
C:\Users\s5381149\Documents\GitHub\networking_example\raylib-master\src\raylib.h(1299,42): error C2059: syntax error: ','
  (compiling source file '../listen/net_listenclient.c')
  
C:\Users\s5381149\Documents\GitHub\networking_example\raylib-master\src\raylib.h(1299,87): error C2059: syntax error: ')'
  (compiling source file '../listen/net_listenclient.c')
  
C:\Users\s5381149\Documents\GitHub\networking_example\raylib-master\src\raylib.h(1302,46): error C2146: syntax error: missing ')' before identifier 'rec'
  (compiling source file '../listen/net_listenclient.c')
  
C:\Users\s5381149\Documents\GitHub\networking_example\raylib-master\src\raylib.h(1302,46): error C2061: syntax error: identifier 'rec'
  (compiling source file '../listen/net_listenclient.c')
  
C:\Users\s5381149\Documents\GitHub\networking_example\raylib-master\src\raylib.h(1302,46): error C2059: syntax error: ';'
  (compiling source file '../listen/net_listenclient.c')
  
C:\Users\s5381149\Documents\GitHub\networking_example\raylib-master\src\raylib.h(1302,49): error C2059: syntax error: ','
  (compiling source file '../listen/net_listenclient.c')
  
C:\Users\s5381149\Documents\GitHub\networking_example\raylib-master\src\raylib.h(1302,117): error C2059: syntax error: ')'
  (compiling source file '../listen/net_listenclient.c')
  
C:\Users\s5381149\Documents\GitHub\networking_example\raylib-master\src\raylib.h(1304,43): error C2146: syntax error: missing ')' before identifier 'rec'
  (compiling source file '../listen/net_listenclient.c')
  
C:\Users\s5381149\Documents\GitHub\networking_example\raylib-master\src\raylib.h(1304,43): error C2061: syntax error: identifier 'rec'
  (compiling source file '../listen/net_listenclient.c')
  
C:\Users\s5381149\Documents\GitHub\networking_example\raylib-master\src\raylib.h(1304,43): error C2059: syntax error: ';'
  (compiling source file '../listen/net_listenclient.c')
  
C:\Users\s5381149\Documents\GitHub\networking_example\raylib-master\src\raylib.h(1304,46): error C2059: syntax error: ','
  (compiling source file '../listen/net_listenclient.c')
  
C:\Users\s5381149\Documents\GitHub\networking_example\raylib-master\src\raylib.h(1304,76): error C2059: syntax error: ')'
  (compiling source file '../listen/net_listenclient.c')
  
C:\Users\s5381149\Documents\GitHub\networking_example\raylib-master\src\raylib.h(1305,43): error C2146: syntax error: missing ')' before identifier 'rec'
  (compiling source file '../listen/net_listenclient.c')
  
C:\Users\s5381149\Documents\GitHub\networking_example\raylib-master\src\raylib.h(1305,43): error C2061: syntax error: identifier 'rec'
  (compiling source file '../listen/net_listenclient.c')
  
C:\Users\s5381149\Documents\GitHub\networking_example\raylib-master\src\raylib.h(1305,43): error C2059: syntax error: ';'
  (compiling source file '../listen/net_listenclient.c')
  
C:\Users\s5381149\Documents\GitHub\networking_example\raylib-master\src\raylib.h(1305,46): error C2059: syntax error: ','
  (compiling source file '../listen/net_listenclient.c')
  
C:\Users\s5381149\Documents\GitHub\networking_example\raylib-master\src\raylib.h(1305,90): error C2059: syntax error: ')'
  (compiling source file '../listen/net_listenclient.c')
  
C:\Users\s5381149\Documents\GitHub\networking_example\raylib-master\src\raylib.h(1306,48): error C2146: syntax error: missing ')' before identifier 'rec'
  (compiling source file '../listen/net_listenclient.c')
  
C:\Users\s5381149\Documents\GitHub\networking_example\raylib-master\src\raylib.h(1306,48): error C2061: syntax error: identifier 'rec'
  (compiling source file '../listen/net_listenclient.c')
  
C:\Users\s5381149\Documents\GitHub\networking_example\raylib-master\src\raylib.h(1306,48): error C2059: syntax error: ';'
  (compiling source file '../listen/net_listenclient.c')
  
C:\Users\s5381149\Documents\GitHub\networking_example\raylib-master\src\raylib.h(1306,51): error C2059: syntax error: ','
  (compiling source file '../listen/net_listenclient.c')
  
C:\Users\s5381149\Documents\GitHub\networking_example\raylib-master\src\raylib.h(1306,95): error C2059: syntax error: ')'
  (compiling source file '../listen/net_listenclient.c')
  
C:\Users\s5381149\Documents\GitHub\networking_example\raylib-master\src\raylib.h(1307,50): error C2146: syntax error: missing ')' before identifier 'rec'
  (compiling source file '../listen/net_listenclient.c')
  
C:\Users\s5381149\Documents\GitHub\networking_example\raylib-master\src\raylib.h(1307,50): error C2061: syntax error: identifier 'rec'
  (compiling source file '../listen/net_listenclient.c')
  
C:\Users\s5381149\Documents\GitHub\networking_example\raylib-master\src\raylib.h(1307,50): error C2059: syntax error: ';'
  (compiling source file '../listen/net_listenclient.c')
  
C:\Users\s5381149\Documents\GitHub\networking_example\raylib-master\src\raylib.h(1307,53): error C2059: syntax error: ','
  (compiling source file '../listen/net_listenclient.c')
  
C:\Users\s5381149\Documents\GitHub\networking_example\raylib-master\src\raylib.h(1307,114): error C2059: syntax error: ')'
  (compiling source file '../listen/net_listenclient.c')
  
C:\Users\s5381149\Documents\GitHub\networking_example\raylib-master\src\raylib.h(1337,41): error C2146: syntax error: missing ')' before identifier 'rec1'
  (compiling source file '../listen/net_listenclient.c')
  
C:\Users\s5381149\Documents\GitHub\networking_example\raylib-master\src\raylib.h(1337,41): error C2061: syntax error: identifier 'rec1'
  (compiling source file '../listen/net_listenclient.c')
  
C:\Users\s5381149\Documents\GitHub\networking_example\raylib-master\src\raylib.h(1337,41): error C2059: syntax error: ';'
  (compiling source file '../listen/net_listenclient.c')
  
C:\Users\s5381149\Documents\GitHub\networking_example\raylib-master\src\raylib.h(1337,45): error C2059: syntax error: ','
  (compiling source file '../listen/net_listenclient.c')
  
C:\Users\s5381149\Documents\GitHub\networking_example\raylib-master\src\raylib.h(1337,61): error C2059: syntax error: ')'
  (compiling source file '../listen/net_listenclient.c')
  
C:\Users\s5381149\Documents\GitHub\networking_example\raylib-master\src\raylib.h(1339,76): error C2146: syntax error: missing ')' before identifier 'rec'
  (compiling source file '../listen/net_listenclient.c')
  
C:\Users\s5381149\Documents\GitHub\networking_example\raylib-master\src\raylib.h(1339,66): error C2081: 'Rectangle': name in formal parameter list illegal
  (compiling source file '../listen/net_listenclient.c')
  
C:\Users\s5381149\Documents\GitHub\networking_example\raylib-master\src\raylib.h(1339,76): error C2061: syntax error: identifier 'rec'
  (compiling source file '../listen/net_listenclient.c')
  
C:\Users\s5381149\Documents\GitHub\networking_example\raylib-master\src\raylib.h(1339,76): error C2059: syntax error: ';'
  (compiling source file '../listen/net_listenclient.c')
  
C:\Users\s5381149\Documents\GitHub\networking_example\raylib-master\src\raylib.h(1339,79): error C2059: syntax error: ')'
  (compiling source file '../listen/net_listenclient.c')
  
C:\Users\s5381149\Documents\GitHub\networking_example\raylib-master\src\raylib.h(1341,60): error C2146: syntax error: missing ')' before identifier 'rec'
  (compiling source file '../listen/net_listenclient.c')
  
C:\Users\s5381149\Documents\GitHub\networking_example\raylib-master\src\raylib.h(1341,50): error C2081: 'Rectangle': name in formal parameter list illegal
  (compiling source file '../listen/net_listenclient.c')
  
C:\Users\s5381149\Documents\GitHub\networking_example\raylib-master\src\raylib.h(1341,60): error C2061: syntax error: identifier 'rec'
  (compiling source file '../listen/net_listenclient.c')
  
C:\Users\s5381149\Documents\GitHub\networking_example\raylib-master\src\raylib.h(1341,60): error C2059: syntax error: ';'
  (compiling source file '../listen/net_listenclient.c')
  
C:\Users\s5381149\Documents\GitHub\networking_example\raylib-master\src\raylib.h(1341,63): error C2059: syntax error: ')'
  (compiling source file '../listen/net_listenclient.c')
  
C:\Users\s5381149\Documents\GitHub\networking_example\raylib-master\src\raylib.h(1347,17): error C2061: syntax error: identifier 'GetCollisionRec'
  (compiling source file '../listen/net_listenclient.c')
  
C:\Users\s5381149\Documents\GitHub\networking_example\raylib-master\src\raylib.h(1347,17): error C2059: syntax error: ';'
  (compiling source file '../listen/net_listenclient.c')
  
C:\Users\s5381149\Documents\GitHub\networking_example\raylib-master\src\raylib.h(1347,43): error C2146: syntax error: missing ')' before identifier 'rec1'
  (compiling source file '../listen/net_listenclient.c')
  
C:\Users\s5381149\Documents\GitHub\networking_example\raylib-master\src\raylib.h(1347,43): error C2061: syntax error: identifier 'rec1'
  (compiling source file '../listen/net_listenclient.c')
  
C:\Users\s5381149\Documents\GitHub\networking_example\raylib-master\src\raylib.h(1347,47): error C2059: syntax error: ','
  (compiling source file '../listen/net_listenclient.c')
  
C:\Users\s5381149\Documents\GitHub\networking_example\raylib-master\src\raylib.h(1347,63): error C2059: syntax error: ')'
  (compiling source file '../listen/net_listenclient.c')
  
C:\Users\s5381149\Documents\GitHub\networking_example\raylib-master\src\raylib.h(1355,13): warning C4030: first formal parameter list longer than the second list
  (compiling source file '../listen/net_listenclient.c')
  
C:\Users\s5381149\Documents\GitHub\networking_example\raylib-master\src\raylib.h(1355,13): warning C4028: formal parameter 1 different from declaration
  (compiling source file '../listen/net_listenclient.c')
  
C:\Users\s5381149\Documents\GitHub\networking_example\raylib-master\src\raylib.h(1355,13): error C2040: 'LoadImageW': 'Image (const char *)' differs in levels of indirection from 'HANDLE (HINSTANCE,LPCWSTR,UINT,int,int,UINT)'
  (compiling source file '../listen/net_listenclient.c')
  
C:\Users\s5381149\Documents\GitHub\networking_example\raylib-master\src\raylib.h(1381,51): error C2146: syntax error: missing ')' before identifier 'rec'
  (compiling source file '../listen/net_listenclient.c')
  
C:\Users\s5381149\Documents\GitHub\networking_example\raylib-master\src\raylib.h(1381,41): error C2081: 'Rectangle': name in formal parameter list illegal
  (compiling source file '../listen/net_listenclient.c')
  
C:\Users\s5381149\Documents\GitHub\networking_example\raylib-master\src\raylib.h(1381,51): error C2061: syntax error: identifier 'rec'
  (compiling source file '../listen/net_listenclient.c')
  
C:\Users\s5381149\Documents\GitHub\networking_example\raylib-master\src\raylib.h(1381,51): error C2059: syntax error: ';'
  (compiling source file '../listen/net_listenclient.c')
  
C:\Users\s5381149\Documents\GitHub\networking_example\raylib-master\src\raylib.h(1381,54): error C2059: syntax error: ')'
  (compiling source file '../listen/net_listenclient.c')
  
C:\Users\s5381149\Documents\GitHub\networking_example\raylib-master\src\raylib.h(1384,30): error C2146: syntax error: missing ')' before identifier 'font'
  (compiling source file '../listen/net_listenclient.c')
  
C:\Users\s5381149\Documents\GitHub\networking_example\raylib-master\src\raylib.h(1384,30): error C2061: syntax error: identifier 'font'
  (compiling source file '../listen/net_listenclient.c')
  
C:\Users\s5381149\Documents\GitHub\networking_example\raylib-master\src\raylib.h(1384,30): error C2059: syntax error: ';'
  (compiling source file '../listen/net_listenclient.c')
  
C:\Users\s5381149\Documents\GitHub\networking_example\raylib-master\src\raylib.h(1384,34): error C2059: syntax error: ','
  (compiling source file '../listen/net_listenclient.c')
  
C:\Users\s5381149\Documents\GitHub\networking_example\raylib-master\src\raylib.h(1384,95): error C2059: syntax error: ')'
  (compiling source file '../listen/net_listenclient.c')
  
C:\Users\s5381149\Documents\GitHub\networking_example\raylib-master\src\raylib.h(1387,46): error C2146: syntax error: missing ')' before identifier 'crop'
  (compiling source file '../listen/net_listenclient.c')
  
C:\Users\s5381149\Documents\GitHub\networking_example\raylib-master\src\raylib.h(1387,36): error C2081: 'Rectangle': name in formal parameter list illegal
  (compiling source file '../listen/net_listenclient.c')
  
C:\Users\s5381149\Documents\GitHub\networking_example\raylib-master\src\raylib.h(1387,46): error C2061: syntax error: identifier 'crop'
  (compiling source file '../listen/net_listenclient.c')
  
C:\Users\s5381149\Documents\GitHub\networking_example\raylib-master\src\raylib.h(1387,46): error C2059: syntax error: ';'
  (compiling source file '../listen/net_listenclient.c')
  
C:\Users\s5381149\Documents\GitHub\networking_example\raylib-master\src\raylib.h(1387,50): error C2059: syntax error: ')'
  (compiling source file '../listen/net_listenclient.c')
  
C:\Users\s5381149\Documents\GitHub\networking_example\raylib-master\src\raylib.h(1414,17): error C2061: syntax error: identifier 'GetImageAlphaBorder'
  (compiling source file '../listen/net_listenclient.c')
  
C:\Users\s5381149\Documents\GitHub\networking_example\raylib-master\src\raylib.h(1414,17): error C2059: syntax error: ';'
  (compiling source file '../listen/net_listenclient.c')
  
C:\Users\s5381149\Documents\GitHub\networking_example\raylib-master\src\raylib.h(1414,37): error C2059: syntax error: '<parameter-list>'
  (compiling source file '../listen/net_listenclient.c')
  
C:\Users\s5381149\Documents\GitHub\networking_example\raylib-master\src\raylib.h(1431,56): error C2146: syntax error: missing ')' before identifier 'rec'
  (compiling source file '../listen/net_listenclient.c')
  
C:\Users\s5381149\Documents\GitHub\networking_example\raylib-master\src\raylib.h(1431,46): error C2081: 'Rectangle': name in formal parameter list illegal
  (compiling source file '../listen/net_listenclient.c')
  
C:\Users\s5381149\Documents\GitHub\networking_example\raylib-master\src\raylib.h(1431,56): error C2061: syntax error: identifier 'rec'
  (compiling source file '../listen/net_listenclient.c')
  
C:\Users\s5381149\Documents\GitHub\networking_example\raylib-master\src\raylib.h(1431,56): error C2059: syntax error: ';'
  (compiling source file '../listen/net_listenclient.c')
  
C:\Users\s5381149\Documents\GitHub\networking_example\raylib-master\src\raylib.h(1431,59): error C2059: syntax error: ','
  (compiling source file '../listen/net_listenclient.c')
  
C:\Users\s5381149\Documents\GitHub\networking_example\raylib-master\src\raylib.h(1431,72): error C2059: syntax error: ')'
  (compiling source file '../listen/net_listenclient.c')
  
C:\Users\s5381149\Documents\GitHub\networking_example\raylib-master\src\raylib.h(1433,60): error C2146: syntax error: missing ')' before identifier 'rec'
  (compiling source file '../listen/net_listenclient.c')
  
C:\Users\s5381149\Documents\GitHub\networking_example\raylib-master\src\raylib.h(1433,50): error C2081: 'Rectangle': name in formal parameter list illegal
  (compiling source file '../listen/net_listenclient.c')
  
C:\Users\s5381149\Documents\GitHub\networking_example\raylib-master\src\raylib.h(1433,60): error C2061: syntax error: identifier 'rec'
  (compiling source file '../listen/net_listenclient.c')
  
C:\Users\s5381149\Documents\GitHub\networking_example\raylib-master\src\raylib.h(1433,60): error C2059: syntax error: ';'
  (compiling source file '../listen/net_listenclient.c')
  
C:\Users\s5381149\Documents\GitHub\networking_example\raylib-master\src\raylib.h(1433,63): error C2059: syntax error: ','
  (compiling source file '../listen/net_listenclient.c')
  
C:\Users\s5381149\Documents\GitHub\networking_example\raylib-master\src\raylib.h(1433,63): error C1003: error count exceeds 100; stopping compilation
  (compiling source file '../listen/net_listenclient.c')
  
  net_common.c
  PCG.c
C:\Users\s5381149\Documents\GitHub\networking_example\listenserver\PCG.h(14,9): warning C4005: 'MAP_COLUMNS': macro redefinition
  (compiling source file 'PCG.c')
      C:\Users\s5381149\Documents\GitHub\networking_example\listenserver\PCG_TYPES.h(3,9):
      see previous definition of 'MAP_COLUMNS'
  
C:\Users\s5381149\Documents\GitHub\networking_example\listenserver\PCG.h(15,9): warning C4005: 'MAP_ROWS': macro redefinition
  (compiling source file 'PCG.c')
      C:\Users\s5381149\Documents\GitHub\networking_example\listenserver\PCG_TYPES.h(2,9):
      see previous definition of 'MAP_ROWS'
  
C:\Users\s5381149\Documents\GitHub\networking_example\listenserver\PCG.h(19,2): error C2365: 'TILE_TYPE_GRASS': redefinition; previous definition was 'enumerator'
  (compiling source file 'PCG.c')
      C:\Users\s5381149\Documents\GitHub\networking_example\listenserver\PCG_TYPES.h(4,16):
      see declaration of 'TILE_TYPE_GRASS'
  
C:\Users\s5381149\Documents\GitHub\networking_example\listenserver\PCG.h(19,2): error C2086: 'TILE_TYPE_GRASS': redefinition
  (compiling source file 'PCG.c')
      C:\Users\s5381149\Documents\GitHub\networking_example\listenserver\PCG.h(19,2):
      see declaration of 'TILE_TYPE_GRASS'
  
C:\Users\s5381149\Documents\GitHub\networking_example\listenserver\PCG.h(20,2): error C2365: 'TILE_TYPE_ROCK': redefinition; previous definition was 'enumerator'
  (compiling source file 'PCG.c')
      C:\Users\s5381149\Documents\GitHub\networking_example\listenserver\PCG_TYPES.h(4,33):
      see declaration of 'TILE_TYPE_ROCK'
  
C:\Users\s5381149\Documents\GitHub\networking_example\listenserver\PCG.h(20,2): error C2086: '<unnamed-enum-TILE_TYPE_GRASS> TILE_TYPE_ROCK': redefinition
  (compiling source file 'PCG.c')
      C:\Users\s5381149\Documents\GitHub\networking_example\listenserver\PCG.h(20,2):
      see declaration of 'TILE_TYPE_ROCK'
  
C:\Users\s5381149\Documents\GitHub\networking_example\listenserver\PCG.c(50,38): warning C4244: 'initializing': conversion from 'int' to 'float', possible loss of data
C:\Users\s5381149\Documents\GitHub\networking_example\listenserver\PCG.c(50,47): warning C4244: 'initializing': conversion from 'int' to 'float', possible loss of data
  perlin.c
C:\Users\s5381149\Documents\GitHub\networking_example\listenserver\perlin.c(34,45): warning C4244: 'return': conversion from 'double' to 'float', possible loss of data
C:\Users\s5381149\Documents\GitHub\networking_example\listenserver\perlin.c(55,18): warning C4554: '>>': check operator precedence for possible error; use parentheses to clarify precedence
C:\Users\s5381149\Documents\GitHub\networking_example\listenserver\perlin.c(58,18): warning C4554: '>>': check operator precedence for possible error; use parentheses to clarify precedence
C:\Users\s5381149\Documents\GitHub\networking_example\listenserver\perlin.c(64,8): warning C4013: 'sin' undefined; assuming extern returning int
C:\Users\s5381149\Documents\GitHub\networking_example\listenserver\perlin.c(64,8): warning C4244: '=': conversion from 'int' to 'float', possible loss of data
C:\Users\s5381149\Documents\GitHub\networking_example\listenserver\perlin.c(65,8): warning C4013: 'cos' undefined; assuming extern returning int
C:\Users\s5381149\Documents\GitHub\networking_example\listenserver\perlin.c(65,8): warning C4244: '=': conversion from 'int' to 'float', possible loss of data
C:\Users\s5381149\Documents\GitHub\networking_example\listenserver\perlin.c(60,19): warning C4244: 'initializing': conversion from 'double' to 'float', possible loss of data
  Generating Code...
